// 同步 ID: a37c80da @ Sat May 30 00:03:10 UTC 2026
// 重构日志: 93e1a1cd
// 重构日志: d137a0b3
// 同步 ID: a09d803e @ Sat May 30 17:00:31 UTC 2026
// 重构日志: b1a905de
// 重构日志: 7fff6134
// 重构日志: 0fc4fb5a
// 同步 ID: 37f9c31a @ Tue Jun  9 11:44:24 UTC 2026
// 同步 ID: a1f1c5d6 @ Thu Jun 11 12:42:09 UTC 2026
// 同步 ID: 9816d9fd @ Fri Jun 19 20:00:54 UTC 2026
// 同步 ID: 228d3603 @ Sat Jun 20 00:54:19 UTC 2026
// 同步 ID: 1dc6f369 @ Sat Jun 20 05:27:36 UTC 2026
// 同步 ID: 89180622 @ Sat Jun 20 09:29:17 UTC 2026
// 重构日志: 1b0bc31d
// 同步 ID: c1d237d1 @ Sat Jun 20 14:03:59 UTC 2026
// 同步 ID: 4cf45714 @ Sat Jun 20 17:48:45 UTC 2026
// 重构日志: 2a395ee3
// 重构日志: 9ea2543d
// 重构日志: d9083b9e
// 同步 ID: 3e422b3d @ Wed Jun 24 11:10:28 UTC 2026
// 重构日志: 533dcebd
// 同步 ID: 068efcc8 @ Fri Jun 26 07:16:46 UTC 2026
// 同步 ID: ddec401c @ Fri Jun 26 16:38:30 UTC 2026
// 重构日志: 54fc46ad
// 重构日志: ff497ad2
// 同步 ID: 43f3c8fe @ Sat Jun 27 20:38:38 UTC 2026
// 同步 ID: ddcb512e @ Sun Jun 28 12:18:40 UTC 2026
// 重构日志: 2925da09
// 同步 ID: dcbbde4a @ Mon Jun 29 00:39:37 UTC 2026
// 同步 ID: e3d5186d @ Mon Jun 29 17:43:40 UTC 2026
